<?xml version="1.0" encoding="UTF-8"?>
<testsuite xmlns:xsi="http://www.w3.org/2001/XMLSchema-instance" xsi:noNamespaceSchemaLocation="https://maven.apache.org/surefire/maven-surefire-plugin/xsd/surefire-test-report.xsd" name="Pruebas.Pruebas" time="1.86" tests="8" errors="0" skipped="0" failures="0">
  <properties>
[...]
</properties>
  <testcase name="divPru" classname="Pruebas.Pruebas" time="1.705"/>
  <testcase name="mulPru" classname="Pruebas.Pruebas" time="0.005"/>
  <testcase name="resPru" classname="Pruebas.Pruebas" time="0.004"/>
  <testcase name="sumPru" classname="Pruebas.Pruebas" time="0.008"/>
  <testcase name="pruebaPromedioNumeros" classname="Pruebas.Pruebas" time="0.041"/>
  <testcase name="pruebaDiv" classname="Pruebas.Pruebas" time="0.003"/>
  <testcase name="pruebaSumarNumeros" classname="Pruebas.Pruebas" time="0.007"/>
  <testcase name="pruebaPromedioNumVacios" classname="Pruebas.Pruebas" time="0.015"/>
</testsuite>